<?xml version="1.0" encoding="UTF-8"?>
<coverage generated="1733010918224" clover="3.2.0">
  <project timestamp="1733010918225" name="All files">
    <metrics statements="3" coveredstatements="3" conditionals="0" coveredconditionals="0" methods="1" coveredmethods="1" elements="4" coveredelements="4" complexity="0" loc="3" ncloc="3" packages="1" files="2" classes="2"/>
    <file name="events.js" path="C:\Users\USUARIO\itm350-Mattvil-test\bb\node-bulletin-board\bulletin-board-app\backend\events.js">
      <metrics statements="1" coveredstatements="1" conditionals="0" coveredconditionals="0" methods="0" coveredmethods="0"/>
      <line num="1" count="1" type="stmt"/>
    </file>
    <file name="index.js" path="C:\Users\USUARIO\itm350-Mattvil-test\bb\node-bulletin-board\bulletin-board-app\backend\index.js">
      <metrics statements="2" coveredstatements="2" conditionals="0" coveredconditionals="0" methods="1" coveredmethods="1"/>
      <line num="1" count="1" type="stmt"/>
      <line num="2" count="1" type="stmt"/>
    </file>
  </project>
</coverage>
