{"C:\\Users\\USUARIO\\itm350-Mattvil-test\\bb\\node-bulletin-board\\bulletin-board-app\\backend\\events.js": {"path":"C:\\Users\\USUARIO\\itm350-Mattvil-test\\bb\\node-bulletin-board\\bulletin-board-app\\backend\\events.js","statementMap":{"0":{"start":{"line":1,"column":0},"end":{"line":19,"column":4}}},"fnMap":{},"branchMap":{},"s":{"0":1},"f":{},"b":{},"_coverageSchema":"1a1c01bbd47fc00a2c39e90264f33305004495a9","hash":"dc824b79f8237b5ab84bd812e2517acf0425e9d8"}
,"C:\\Users\\USUARIO\\itm350-Mattvil-test\\bb\\node-bulletin-board\\bulletin-board-app\\backend\\index.js": {"path":"C:\\Users\\USUARIO\\itm350-Mattvil-test\\bb\\node-bulletin-board\\bulletin-board-app\\backend\\index.js","statementMap":{"0":{"start":{"line":1,"column":0},"end":{"line":3,"column":1}},"1":{"start":{"line":2,"column":2},"end":{"line":2,"column":22}}},"fnMap":{"0":{"name":"(anonymous_0)","decl":{"start":{"line":1,"column":16},"end":{"line":1,"column":17}},"loc":{"start":{"line":1,"column":36},"end":{"line":3,"column":1}},"line":1}},"branchMap":{},"s":{"0":1,"1":1},"f":{"0":1},"b":{},"_coverageSchema":"1a1c01bbd47fc00a2c39e90264f33305004495a9","hash":"3d51a3bd021aad2b180f1f337b98d19052a23432"}
}
